<?xml version="1.0" encoding="UTF-8"?>
<testng-results ignored="0" total="1" passed="1" failed="0" skipped="0">
  <reporter-output>
  </reporter-output>
  <suite started-at="2022-07-09T08:51:41 IST" name="Default suite" finished-at="2022-07-09T08:52:13 IST" duration-ms="32731">
    <groups>
    </groups>
    <test started-at="2022-07-09T08:51:41 IST" name="Default test" finished-at="2022-07-09T08:52:13 IST" duration-ms="32731">
      <class name="testCases.LoginTest">
        <test-method is-config="true" signature="setUp()[pri:0, instance:testCases.LoginTest@71a8adcf]" started-at="2022-07-09T08:51:41 IST" name="setUp" finished-at="2022-07-09T08:51:47 IST" duration-ms="6349" status="PASS">
          <reporter-output>
          </reporter-output>
        </test-method> <!-- setUp -->
        <test-method signature="loginTest()[pri:0, instance:testCases.LoginTest@71a8adcf]" started-at="2022-07-09T08:51:47 IST" name="loginTest" finished-at="2022-07-09T08:52:13 IST" duration-ms="25672" status="PASS">
          <reporter-output>
          </reporter-output>
        </test-method> <!-- loginTest -->
        <test-method is-config="true" signature="tearDown()[pri:0, instance:testCases.LoginTest@71a8adcf]" started-at="2022-07-09T08:52:13 IST" name="tearDown" finished-at="2022-07-09T08:52:13 IST" duration-ms="661" status="PASS">
          <reporter-output>
          </reporter-output>
        </test-method> <!-- tearDown -->
      </class> <!-- testCases.LoginTest -->
    </test> <!-- Default test -->
  </suite> <!-- Default suite -->
</testng-results>
