<?xml version="1.0" encoding="UTF-8"?>
<testng-results ignored="0" total="1" passed="1" failed="0" skipped="0">
  <reporter-output>
  </reporter-output>
  <suite started-at="2022-07-10T10:29:46 IST" name="Default suite" finished-at="2022-07-10T10:30:32 IST" duration-ms="46523">
    <groups>
    </groups>
    <test started-at="2022-07-10T10:29:46 IST" name="Default test" finished-at="2022-07-10T10:30:32 IST" duration-ms="46523">
      <class name="testCases.LoginTest">
        <test-method is-config="true" signature="setUp()[pri:0, instance:testCases.LoginTest@82de64a]" started-at="2022-07-10T10:29:46 IST" name="setUp" finished-at="2022-07-10T10:30:04 IST" duration-ms="18131" status="PASS">
          <reporter-output>
          </reporter-output>
        </test-method> <!-- setUp -->
        <test-method signature="loginTest()[pri:0, instance:testCases.LoginTest@82de64a]" started-at="2022-07-10T10:30:04 IST" name="loginTest" finished-at="2022-07-10T10:30:30 IST" duration-ms="25983" status="PASS">
          <reporter-output>
          </reporter-output>
        </test-method> <!-- loginTest -->
        <test-method is-config="true" signature="tearDown()[pri:0, instance:testCases.LoginTest@82de64a]" started-at="2022-07-10T10:30:30 IST" name="tearDown" finished-at="2022-07-10T10:30:32 IST" duration-ms="2344" status="PASS">
          <reporter-output>
          </reporter-output>
        </test-method> <!-- tearDown -->
      </class> <!-- testCases.LoginTest -->
    </test> <!-- Default test -->
  </suite> <!-- Default suite -->
</testng-results>
